{"content": {"suites": {"0": {"status": {"total_pass": 1, "total_skip": 0, "total_xpass": 0, "total_xfail": 0, "total_rerun": 0, "total_fail": 0, "total_error": 0}, "tests": {"0": {"status": "PASS", "message": "", "test_name": "test_DEV_INFO_VIEW_ACT_1", "rerun": "0"}}, "suite_name": "testcase/Group_2/PasswordEdit/test_PASSEDIT_ACT_1.py"}, "1": {"suite_name": "testcase/Group_2/PasswordEdit/test_PASSEDIT_ACT_2.py", "tests": {"0": {"status": "PASS", "message": "", "test_name": "test_DEV_INFO_VIEW_ACT_1", "rerun": "0"}}, "status": {"total_pass": 1, "total_skip": 0, "total_xpass": 0, "total_xfail": 0, "total_rerun": 0, "total_fail": 0, "total_error": 0}}, "2": {"suite_name": "testcase/Group_2/PasswordEdit/test_PASSEDIT_ACT_3.py", "tests": {"0": {"status": "PASS", "message": "", "test_name": "test_DEV_INFO_VIEW_ACT_1", "rerun": "0"}}, "status": {"total_pass": 1, "total_skip": 0, "total_xpass": 0, "total_xfail": 0, "total_rerun": 0, "total_fail": 0, "total_error": 0}}, "3": {"suite_name": "testcase/Group_2/PasswordEdit/test_PASSEDIT_ACT_4.py", "tests": {"0": {"status": "PASS", "message": "", "test_name": "test_DEV_INFO_VIEW_ACT_1", "rerun": "0"}}, "status": {"total_pass": 1, "total_skip": 0, "total_xpass": 0, "total_xfail": 0, "total_rerun": 0, "total_fail": 0, "total_error": 0}}, "4": {"suite_name": "testcase/Group_2/PasswordEdit/test_PASSEDIT_ACT_5.py", "tests": {"0": {"status": "PASS", "message": "", "test_name": "test_DEV_INFO_VIEW_ACT_1", "rerun": "0"}}, "status": {"total_pass": 1, "total_skip": 0, "total_xpass": 0, "total_xfail": 0, "total_rerun": 0, "total_fail": 0, "total_error": 0}}, "5": {"suite_name": "testcase/Group_2/PasswordEdit/test_PASSEDIT_ACT_678.py", "tests": {"0": {"status": "PASS", "message": "", "test_name": "test_DEV_INFO_VIEW_ACT_1", "rerun": "0"}}, "status": {"total_pass": 1, "total_skip": 0, "total_xpass": 0, "total_xfail": 0, "total_rerun": 0, "total_fail": 0, "total_error": 0}}, "6": {"suite_name": "testcase/Group_2/PasswordEdit/test_PASSEDIT_MISS_ATTB.py", "tests": {"0": {"status": "PASS", "message": "", "test_name": "test_DEV_INFO_VIEW_ACT_1", "rerun": "0"}}, "status": {"total_pass": 1, "total_skip": 0, "total_xpass": 0, "total_xfail": 0, "total_rerun": 0, "total_fail": 0, "total_error": 0}}, "7": {"suite_name": "testcase/Group_2/PasswordEdit/test_PASSEDIT_MISS_REQID.py", "tests": {"0": {"status": "PASS", "message": "", "test_name": "test_DEV_INFO_VIEW_ACT_1", "rerun": "0"}}, "status": {"total_pass": 1, "total_skip": 0, "total_xpass": 0, "total_xfail": 0, "total_rerun": 0, "total_fail": 0, "total_error": 0}}, "8": {"suite_name": "testcase/Group_2/PasswordEdit/test_PASSEDIT_REQID_1.py", "tests": {"0": {"status": "PASS", "message": "", "test_name": "test_DEV_INFO_VIEW_ACT_1", "rerun": "0"}}, "status": {"total_pass": 1, "total_skip": 0, "total_xpass": 0, "total_xfail": 0, "total_rerun": 0, "total_fail": 0, "total_error": 0}}, "9": {"suite_name": "testcase/Group_2/PasswordEdit/test_PASSEDIT_REQID_23456.py", "tests": {"0": {"status": "PASS", "message": "", "test_name": "test_PASSEDIT_REQID_23456", "rerun": "0"}}, "status": {"total_pass": 1, "total_skip": 0, "total_xpass": 0, "total_xfail": 0, "total_rerun": 0, "total_fail": 0, "total_error": 0}}, "10": {"suite_name": "testcase/Group_2/PasswordEdit/test_PASSEDIT_RES_1.py", "tests": {"0": {"status": "PASS", "message": "", "test_name": "test_DEV_INFO_VIEW_ACT_1", "rerun": "0"}}, "status": {"total_pass": 1, "total_skip": 0, "total_xpass": 0, "total_xfail": 0, "total_rerun": 0, "total_fail": 0, "total_error": 0}}, "11": {"suite_name": "testcase/Group_2/PasswordEdit/test_PASSEDIT_RES_2.py", "tests": {"0": {"status": "FAIL", "message": "           AssertionError: soft assertion failures:\n           1. [STATUS ERROR] Expected <15> to be equal to <0>, but was not.\n           2. [MESSAGE ERROR] Expected <Session Timeout> to be equal to <Success>, but was not.\n", "test_name": "test_DEV_INFO_VIEW_ACT_1", "rerun": "0"}}, "status": {"total_pass": 0, "total_skip": 0, "total_xpass": 0, "total_xfail": 0, "total_rerun": 0, "total_fail": 1, "total_error": 0}}, "12": {"suite_name": "testcase/Group_2/PasswordEdit/test_PASSEDIT_RES_3.py", "tests": {"0": {"status": "FAIL", "message": "           AssertionError: soft assertion failures:\n           1. [STATUS ERROR] Expected <15> to be equal to <0>, but was not.\n           2. [MESSAGE ERROR] Expected <Session Timeout> to be equal to <Success>, but was not.\n", "test_name": "test_DEV_INFO_VIEW_ACT_1", "rerun": "0"}}, "status": {"total_pass": 0, "total_skip": 0, "total_xpass": 0, "total_xfail": 0, "total_rerun": 0, "total_fail": 1, "total_error": 0}}, "13": {"suite_name": "testcase/Group_2/PasswordEdit/test_PASSEDIT_RULE_101112.py", "tests": {"0": {"status": "PASS", "message": "", "test_name": "test_DEV_INFO_VIEW_ACT_1", "rerun": "0"}}, "status": {"total_pass": 1, "total_skip": 0, "total_xpass": 0, "total_xfail": 0, "total_rerun": 0, "total_fail": 0, "total_error": 0}}, "14": {"suite_name": "testcase/Group_2/PasswordEdit/test_PASSEDIT_RULE_123456789.py", "tests": {"0": {"status": "PASS", "message": "", "test_name": "test_DEV_INFO_VIEW_ACT_1", "rerun": "0"}}, "status": {"total_pass": 1, "total_skip": 0, "total_xpass": 0, "total_xfail": 0, "total_rerun": 0, "total_fail": 0, "total_error": 0}}, "15": {"suite_name": "testcase/Group_2/PasswordEdit/test_PASSEDIT_RULE_131415.py", "tests": {"0": {"status": "PASS", "message": "", "test_name": "test_DEV_INFO_VIEW_ACT_1", "rerun": "0"}}, "status": {"total_pass": 1, "total_skip": 0, "total_xpass": 0, "total_xfail": 0, "total_rerun": 0, "total_fail": 0, "total_error": 0}}, "16": {"suite_name": "testcase/Group_2/PasswordEdit/test_PASSEDIT_RULE_161718192021.py", "tests": {"0": {"status": "PASS", "message": "", "test_name": "test_DEV_INFO_VIEW_ACT_1", "rerun": "0"}}, "status": {"total_pass": 1, "total_skip": 0, "total_xpass": 0, "total_xfail": 0, "total_rerun": 0, "total_fail": 0, "total_error": 0}}}}, "date": "November 22, 2022", "start_time": 1669084433.9326885, "total_suite": 17, "status": "FAIL", "status_list": {"pass": "15", "fail": "2", "skip": "0", "error": "0", "xpass": "0", "xfail": "0", "rerun": "0"}, "total_tests": "17"}